<?xml version="1.0" encoding="UTF-8"?>
<testsuite xmlns:xsi="http://www.w3.org/2001/XMLSchema-instance" xsi:schemaLocation="https://maven.apache.org/surefire/maven-surefire-plugin/xsd/surefire-test-report.xsd" name="testrunner.TestRunner" time="10.282" tests="47" errors="0" skipped="0" failures="0">
  <properties>
[...]
</properties>
  <testcase name="provide valid endpoint to fetch all users" classname="Get Api to list all users" time="0.532"/>
  <testcase name="send the request to the server" classname="Get Api to list all users" time="1.491"/>
  <testcase name="I validate the response statuscode 200" classname="Get Api to list all users" time="0.004"/>
  <testcase name="Get Api to list all users" classname="Get Api to list all users" time="0.008"/>
  <testcase name="provide valid endpoint to fetch all users" classname="Reqres Get api to search with different page numbers using scenario outline #1" time="0.001"/>
  <testcase name="send the request to the server with page number as 1" classname="Reqres Get api to search with different page numbers using scenario outline #1" time="0.479"/>
  <testcase name="I verify the respnse status code 200" classname="Reqres Get api to search with different page numbers using scenario outline #1" time="0"/>
  <testcase name="I verify the first user record having email as &quot;george.bluth@reqres.in&quot;" classname="Reqres Get api to search with different page numbers using scenario outline #1" time="0.749"/>
  <testcase name="Reqres Get api to search with different page numbers using scenario outline #1" classname="Reqres Get api to search with different page numbers using scenario outline #1" time="0.75"/>
  <testcase name="provide valid endpoint to fetch all users" classname="Reqres Get api to search with different page numbers using scenario outline #2" time="0.002"/>
  <testcase name="send the request to the server with page number as 2" classname="Reqres Get api to search with different page numbers using scenario outline #2" time="0.159"/>
  <testcase name="I verify the respnse status code 200" classname="Reqres Get api to search with different page numbers using scenario outline #2" time="0"/>
  <testcase name="I verify the first user record having email as &quot;michael.lawson@reqres.in&quot;" classname="Reqres Get api to search with different page numbers using scenario outline #2" time="0.019"/>
  <testcase name="Reqres Get api to search with different page numbers using scenario outline #2" classname="Reqres Get api to search with different page numbers using scenario outline #2" time="0.02"/>
  <testcase name="provide valid endpoint to fetch single user" classname="Get Api to list single user" time="0.001"/>
  <testcase name="send the request to the server to feth single user" classname="Get Api to list single user" time="0.176"/>
  <testcase name="I validate the single user response statuscode 200" classname="Get Api to list single user" time="0"/>
  <testcase name="I verify the rsponse body fields" classname="Get Api to list single user" time="0.065"/>
  <testcase name="Get Api to list single user" classname="Get Api to list single user" time="0.074"/>
  <testcase name="provide valid endpoint to single user not found" classname="Get Api for single user not found" time="0.001"/>
  <testcase name="send the request to the server single user not found" classname="Get Api for single user not found" time="0.486"/>
  <testcase name="I validate the singleusernotfoundresponse statuscode" classname="Get Api for single user not found" time="0.002"/>
  <testcase name="Get Api for single user not found" classname="Get Api for single user not found" time="0.002"/>
  <testcase name="I want to provide valid endpoint" classname="Delete API scenario" time="0"/>
  <testcase name="I send the request to the server" classname="Delete API scenario" time="0.475"/>
  <testcase name="I validate the delete response statuscode" classname="Delete API scenario" time="0"/>
  <testcase name="Delete API scenario" classname="Delete API scenario" time="0"/>
  <testcase name="provide valid endpoint to create user" classname="reqres post api to create user scenario" time="0.004"/>
  <testcase name="I send the request to the server with requestbody" classname="reqres post api to create user scenario" time="0.48"/>
  <testcase name="I validate the create user response status code" classname="reqres post api to create user scenario" time="0"/>
  <testcase name="validate the create user response body fields" classname="reqres post api to create user scenario" time="0.025"/>
  <testcase name="reqres post api to create user scenario" classname="reqres post api to create user scenario" time="0.025"/>
  <testcase name="provide valid endpoint to create user" classname="reqres Post api to create more users #1" time="0"/>
  <testcase name="I send the request to the server with requestbody as &quot;morpheus&quot; and &quot;leader&quot;" classname="reqres Post api to create more users #1" time="0.481"/>
  <testcase name="I validate the create user response status code" classname="reqres Post api to create more users #1" time="0.001"/>
  <testcase name="validate the create user response body fields" classname="reqres Post api to create more users #1" time="0.021"/>
  <testcase name="reqres Post api to create more users #1" classname="reqres Post api to create more users #1" time="0.022"/>
  <testcase name="provide valid endpoint to create user" classname="reqres Post api to create more users #2" time="0"/>
  <testcase name="I send the request to the server with requestbody as &quot;Ramesh Ch&quot; and &quot;Automation Test lead&quot;" classname="reqres Post api to create more users #2" time="0.457"/>
  <testcase name="I validate the create user response status code" classname="reqres Post api to create more users #2" time="0"/>
  <testcase name="validate the create user response body fields" classname="reqres Post api to create more users #2" time="0.023"/>
  <testcase name="reqres Post api to create more users #2" classname="reqres Post api to create more users #2" time="0.023"/>
  <testcase name="I want to provide valid endpoint to update user" classname="Update user scenario" time="0.001"/>
  <testcase name="I send a request to the server with valid request body to update" classname="Update user scenario" time="0.477"/>
  <testcase name="I validate update user response status code" classname="Update user scenario" time="0.001"/>
  <testcase name="validate the update user response body fields" classname="Update user scenario" time="0.018"/>
  <testcase name="Update user scenario" classname="Update user scenario" time="0.019"/>
</testsuite>